<?xml version="1.0" encoding="UTF-8"?>
<!-- Generated by org.testng.reporters.JUnitReportReporter -->
<testsuite hostname="DESKTOP-TPO04OI" failures="0" tests="4" name="tests.TestNGClass" time="417.824" errors="0" timestamp="2022-06-30T05:20:27 IST" skipped="0">
  <testcase classname="tests.TestNGClass" name="testEditProfile" time="91.611"/>
  <system-out/>
  <testcase classname="tests.TestNGClass" name="testRequestQuotation" time="140.219"/>
  <system-out/>
  <testcase classname="tests.TestNGClass" name="testProfile" time="94.085"/>
  <system-out/>
  <testcase classname="tests.TestNGClass" name="testRetriveQuotation" time="91.909"/>
  <system-out/>
</testsuite> <!-- tests.TestNGClass -->
